This is pdfTeX, Version 3.141592653-2.6-1.40.23 (TeX Live 2021) (preloaded format=pdflatex 2022.2.18)  27 APR 2022 13:49
entering extended mode
 restricted \write18 enabled.
 %&-line parsing enabled.
**logika-ksnp-2022.tex
(./logika-ksnp-2022.tex
LaTeX2e <2021-11-15> patch level 1
L3 programming layer <2022-02-05>
(/usr/local/texlive/2021/texmf-dist/tex/latex/beamer/beamer.cls
Document Class: beamer 2022/02/08 v3.66 A class for typesetting presentations
(/usr/local/texlive/2021/texmf-dist/tex/latex/beamer/beamerbasemodes.sty
(/usr/local/texlive/2021/texmf-dist/tex/latex/etoolbox/etoolbox.sty
Package: etoolbox 2020/10/05 v2.5k e-TeX tools for LaTeX (JAW)
\etb@tempcnta=\count185
)
\beamer@tempbox=\box50
\beamer@tempcount=\count186
\c@beamerpauses=\count187

(/usr/local/texlive/2021/texmf-dist/tex/latex/beamer/beamerbasedecode.sty
\beamer@slideinframe=\count188
\beamer@minimum=\count189
\beamer@decode@box=\box51
)
\beamer@commentbox=\box52
\beamer@modecount=\count190
)
(/usr/local/texlive/2021/texmf-dist/tex/generic/iftex/iftex.sty
Package: iftex 2022/02/03 v1.0f TeX engine tests
)
\headdp=\dimen138
\footheight=\dimen139
\sidebarheight=\dimen140
\beamer@tempdim=\dimen141
\beamer@finalheight=\dimen142
\beamer@animht=\dimen143
\beamer@animdp=\dimen144
\beamer@animwd=\dimen145
\beamer@leftmargin=\dimen146
\beamer@rightmargin=\dimen147
\beamer@leftsidebar=\dimen148
\beamer@rightsidebar=\dimen149
\beamer@boxsize=\dimen150
\beamer@vboxoffset=\dimen151
\beamer@descdefault=\dimen152
\beamer@descriptionwidth=\dimen153
\beamer@lastskip=\skip47
\beamer@areabox=\box53
\beamer@animcurrent=\box54
\beamer@animshowbox=\box55
\beamer@sectionbox=\box56
\beamer@logobox=\box57
\beamer@linebox=\box58
\beamer@sectioncount=\count191
\beamer@subsubsectionmax=\count192
\beamer@subsectionmax=\count193
\beamer@sectionmax=\count194
\beamer@totalheads=\count195
\beamer@headcounter=\count196
\beamer@partstartpage=\count197
\beamer@sectionstartpage=\count198
\beamer@subsectionstartpage=\count199
\beamer@animationtempa=\count266
\beamer@animationtempb=\count267
\beamer@xpos=\count268
\beamer@ypos=\count269
\beamer@ypos@offset=\count270
\beamer@showpartnumber=\count271
\beamer@currentsubsection=\count272
\beamer@coveringdepth=\count273
\beamer@sectionadjust=\count274
\beamer@toclastsection=\count275
\beamer@tocsectionnumber=\count276

(/usr/local/texlive/2021/texmf-dist/tex/latex/beamer/beamerbaseoptions.sty
(/usr/local/texlive/2021/texmf-dist/tex/latex/graphics/keyval.sty
Package: keyval 2014/10/28 v1.15 key=value parser (DPC)
\KV@toks@=\toks16
))
\beamer@paperwidth=\skip48
\beamer@paperheight=\skip49

(/usr/local/texlive/2021/texmf-dist/tex/latex/geometry/geometry.sty
Package: geometry 2020/01/02 v5.9 Page Geometry

(/usr/local/texlive/2021/texmf-dist/tex/generic/iftex/ifvtex.sty
Package: ifvtex 2019/10/25 v1.7 ifvtex legacy package. Use iftex instead.
)
\Gm@cnth=\count277
\Gm@cntv=\count278
\c@Gm@tempcnt=\count279
\Gm@bindingoffset=\dimen154
\Gm@wd@mp=\dimen155
\Gm@odd@mp=\dimen156
\Gm@even@mp=\dimen157
\Gm@layoutwidth=\dimen158
\Gm@layoutheight=\dimen159
\Gm@layouthoffset=\dimen160
\Gm@layoutvoffset=\dimen161
\Gm@dimlist=\toks17
)
(/usr/local/texlive/2021/texmf-dist/tex/latex/pgf/math/pgfmath.sty
(/usr/local/texlive/2021/texmf-dist/tex/latex/pgf/utilities/pgfrcs.sty
(/usr/local/texlive/2021/texmf-dist/tex/generic/pgf/utilities/pgfutil-common.te
x
\pgfutil@everybye=\toks18
\pgfutil@tempdima=\dimen162
\pgfutil@tempdimb=\dimen163

(/usr/local/texlive/2021/texmf-dist/tex/generic/pgf/utilities/pgfutil-common-li
sts.tex))
(/usr/local/texlive/2021/texmf-dist/tex/generic/pgf/utilities/pgfutil-latex.def
\pgfutil@abb=\box59
) (/usr/local/texlive/2021/texmf-dist/tex/generic/pgf/utilities/pgfrcs.code.tex
(/usr/local/texlive/2021/texmf-dist/tex/generic/pgf/pgf.revision.tex)
Package: pgfrcs 2021/05/15 v3.1.9a (3.1.9a)
))
(/usr/local/texlive/2021/texmf-dist/tex/latex/pgf/utilities/pgfkeys.sty
(/usr/local/texlive/2021/texmf-dist/tex/generic/pgf/utilities/pgfkeys.code.tex
\pgfkeys@pathtoks=\toks19
\pgfkeys@temptoks=\toks20

(/usr/local/texlive/2021/texmf-dist/tex/generic/pgf/utilities/pgfkeysfiltered.c
ode.tex
\pgfkeys@tmptoks=\toks21
)))
(/usr/local/texlive/2021/texmf-dist/tex/generic/pgf/math/pgfmath.code.tex
(/usr/local/texlive/2021/texmf-dist/tex/generic/pgf/math/pgfmathcalc.code.tex
(/usr/local/texlive/2021/texmf-dist/tex/generic/pgf/math/pgfmathutil.code.tex
\pgf@x=\dimen164
\pgf@xa=\dimen165
\pgf@xb=\dimen166
\pgf@xc=\dimen167
\pgf@y=\dimen168
\pgf@ya=\dimen169
\pgf@yb=\dimen170
\pgf@yc=\dimen171
\c@pgf@counta=\count280
\c@pgf@countb=\count281
\c@pgf@countc=\count282
\c@pgf@countd=\count283
)
(/usr/local/texlive/2021/texmf-dist/tex/generic/pgf/math/pgfmathparser.code.tex
\pgfmath@dimen=\dimen172
\pgfmath@count=\count284
\pgfmath@box=\box60
\pgfmath@toks=\toks22
\pgfmath@stack@operand=\toks23
\pgfmath@stack@operation=\toks24
)
(/usr/local/texlive/2021/texmf-dist/tex/generic/pgf/math/pgfmathfunctions.code.
tex
(/usr/local/texlive/2021/texmf-dist/tex/generic/pgf/math/pgfmathfunctions.basic
.code.tex)
(/usr/local/texlive/2021/texmf-dist/tex/generic/pgf/math/pgfmathfunctions.trigo
nometric.code.tex)
(/usr/local/texlive/2021/texmf-dist/tex/generic/pgf/math/pgfmathfunctions.rando
m.code.tex)
(/usr/local/texlive/2021/texmf-dist/tex/generic/pgf/math/pgfmathfunctions.compa
rison.code.tex)
(/usr/local/texlive/2021/texmf-dist/tex/generic/pgf/math/pgfmathfunctions.base.
code.tex)
(/usr/local/texlive/2021/texmf-dist/tex/generic/pgf/math/pgfmathfunctions.round
.code.tex)
(/usr/local/texlive/2021/texmf-dist/tex/generic/pgf/math/pgfmathfunctions.misc.
code.tex)
(/usr/local/texlive/2021/texmf-dist/tex/generic/pgf/math/pgfmathfunctions.integ
erarithmetics.code.tex)))
(/usr/local/texlive/2021/texmf-dist/tex/generic/pgf/math/pgfmathfloat.code.tex
\c@pgfmathroundto@lastzeros=\count285
))) (/usr/local/texlive/2021/texmf-dist/tex/latex/base/size11.clo
File: size11.clo 2021/10/04 v1.4n Standard LaTeX file (size option)
)
(/usr/local/texlive/2021/texmf-dist/tex/latex/pgf/basiclayer/pgfcore.sty
(/usr/local/texlive/2021/texmf-dist/tex/latex/graphics/graphicx.sty
Package: graphicx 2021/09/16 v1.2d Enhanced LaTeX Graphics (DPC,SPQR)

(/usr/local/texlive/2021/texmf-dist/tex/latex/graphics/graphics.sty
Package: graphics 2021/03/04 v1.4d Standard LaTeX Graphics (DPC,SPQR)

(/usr/local/texlive/2021/texmf-dist/tex/latex/graphics/trig.sty
Package: trig 2021/08/11 v1.11 sin cos tan (DPC)
)
(/usr/local/texlive/2021/texmf-dist/tex/latex/graphics-cfg/graphics.cfg
File: graphics.cfg 2016/06/04 v1.11 sample graphics configuration
)
Package graphics Info: Driver file: pdftex.def on input line 107.

(/usr/local/texlive/2021/texmf-dist/tex/latex/graphics-def/pdftex.def
File: pdftex.def 2020/10/05 v1.2a Graphics/color driver for pdftex
))
\Gin@req@height=\dimen173
\Gin@req@width=\dimen174
)
(/usr/local/texlive/2021/texmf-dist/tex/latex/pgf/systemlayer/pgfsys.sty
(/usr/local/texlive/2021/texmf-dist/tex/generic/pgf/systemlayer/pgfsys.code.tex
Package: pgfsys 2021/05/15 v3.1.9a (3.1.9a)
(/usr/local/texlive/2021/texmf-dist/tex/generic/pgf/utilities/pgfkeys.code.tex)
\pgf@x=\dimen175
\pgf@y=\dimen176
\pgf@xa=\dimen177
\pgf@ya=\dimen178
\pgf@xb=\dimen179
\pgf@yb=\dimen180
\pgf@xc=\dimen181
\pgf@yc=\dimen182
\pgf@xd=\dimen183
\pgf@yd=\dimen184
\w@pgf@writea=\write3
\r@pgf@reada=\read2
\c@pgf@counta=\count286
\c@pgf@countb=\count287
\c@pgf@countc=\count288
\c@pgf@countd=\count289
\t@pgf@toka=\toks25
\t@pgf@tokb=\toks26
\t@pgf@tokc=\toks27
\pgf@sys@id@count=\count290
(/usr/local/texlive/2021/texmf-dist/tex/generic/pgf/systemlayer/pgf.cfg
File: pgf.cfg 2021/05/15 v3.1.9a (3.1.9a)
)
Driver file for pgf: pgfsys-pdftex.def

(/usr/local/texlive/2021/texmf-dist/tex/generic/pgf/systemlayer/pgfsys-pdftex.d
ef
File: pgfsys-pdftex.def 2021/05/15 v3.1.9a (3.1.9a)

(/usr/local/texlive/2021/texmf-dist/tex/generic/pgf/systemlayer/pgfsys-common-p
df.def
File: pgfsys-common-pdf.def 2021/05/15 v3.1.9a (3.1.9a)
)))
(/usr/local/texlive/2021/texmf-dist/tex/generic/pgf/systemlayer/pgfsyssoftpath.
code.tex
File: pgfsyssoftpath.code.tex 2021/05/15 v3.1.9a (3.1.9a)
\pgfsyssoftpath@smallbuffer@items=\count291
\pgfsyssoftpath@bigbuffer@items=\count292
)
(/usr/local/texlive/2021/texmf-dist/tex/generic/pgf/systemlayer/pgfsysprotocol.
code.tex
File: pgfsysprotocol.code.tex 2021/05/15 v3.1.9a (3.1.9a)
)) (/usr/local/texlive/2021/texmf-dist/tex/latex/xcolor/xcolor.sty
Package: xcolor 2021/10/31 v2.13 LaTeX color extensions (UK)

(/usr/local/texlive/2021/texmf-dist/tex/latex/graphics-cfg/color.cfg
File: color.cfg 2016/01/02 v1.6 sample color configuration
)
Package xcolor Info: Driver file: pdftex.def on input line 227.
Package xcolor Info: Model `cmy' substituted by `cmy0' on input line 1352.
Package xcolor Info: Model `hsb' substituted by `rgb' on input line 1356.
Package xcolor Info: Model `RGB' extended on input line 1368.
Package xcolor Info: Model `HTML' substituted by `rgb' on input line 1370.
Package xcolor Info: Model `Hsb' substituted by `hsb' on input line 1371.
Package xcolor Info: Model `tHsb' substituted by `hsb' on input line 1372.
Package xcolor Info: Model `HSB' substituted by `hsb' on input line 1373.
Package xcolor Info: Model `Gray' substituted by `gray' on input line 1374.
Package xcolor Info: Model `wave' substituted by `hsb' on input line 1375.
)
(/usr/local/texlive/2021/texmf-dist/tex/generic/pgf/basiclayer/pgfcore.code.tex
Package: pgfcore 2021/05/15 v3.1.9a (3.1.9a)
(/usr/local/texlive/2021/texmf-dist/tex/generic/pgf/math/pgfmath.code.tex)
(/usr/local/texlive/2021/texmf-dist/tex/generic/pgf/math/pgfint.code.tex)
(/usr/local/texlive/2021/texmf-dist/tex/generic/pgf/basiclayer/pgfcorepoints.co
de.tex
File: pgfcorepoints.code.tex 2021/05/15 v3.1.9a (3.1.9a)
\pgf@picminx=\dimen185
\pgf@picmaxx=\dimen186
\pgf@picminy=\dimen187
\pgf@picmaxy=\dimen188
\pgf@pathminx=\dimen189
\pgf@pathmaxx=\dimen190
\pgf@pathminy=\dimen191
\pgf@pathmaxy=\dimen192
\pgf@xx=\dimen193
\pgf@xy=\dimen194
\pgf@yx=\dimen195
\pgf@yy=\dimen196
\pgf@zx=\dimen197
\pgf@zy=\dimen198
)
(/usr/local/texlive/2021/texmf-dist/tex/generic/pgf/basiclayer/pgfcorepathconst
ruct.code.tex
File: pgfcorepathconstruct.code.tex 2021/05/15 v3.1.9a (3.1.9a)
\pgf@path@lastx=\dimen199
\pgf@path@lasty=\dimen256
)
(/usr/local/texlive/2021/texmf-dist/tex/generic/pgf/basiclayer/pgfcorepathusage
.code.tex
File: pgfcorepathusage.code.tex 2021/05/15 v3.1.9a (3.1.9a)
\pgf@shorten@end@additional=\dimen257
\pgf@shorten@start@additional=\dimen258
)
(/usr/local/texlive/2021/texmf-dist/tex/generic/pgf/basiclayer/pgfcorescopes.co
de.tex
File: pgfcorescopes.code.tex 2021/05/15 v3.1.9a (3.1.9a)
\pgfpic=\box61
\pgf@hbox=\box62
\pgf@layerbox@main=\box63
\pgf@picture@serial@count=\count293
)
(/usr/local/texlive/2021/texmf-dist/tex/generic/pgf/basiclayer/pgfcoregraphicst
ate.code.tex
File: pgfcoregraphicstate.code.tex 2021/05/15 v3.1.9a (3.1.9a)
\pgflinewidth=\dimen259
)
(/usr/local/texlive/2021/texmf-dist/tex/generic/pgf/basiclayer/pgfcoretransform
ations.code.tex
File: pgfcoretransformations.code.tex 2021/05/15 v3.1.9a (3.1.9a)
\pgf@pt@x=\dimen260
\pgf@pt@y=\dimen261
\pgf@pt@temp=\dimen262
)
(/usr/local/texlive/2021/texmf-dist/tex/generic/pgf/basiclayer/pgfcorequick.cod
e.tex
File: pgfcorequick.code.tex 2021/05/15 v3.1.9a (3.1.9a)
)
(/usr/local/texlive/2021/texmf-dist/tex/generic/pgf/basiclayer/pgfcoreobjects.c
ode.tex
File: pgfcoreobjects.code.tex 2021/05/15 v3.1.9a (3.1.9a)
)
(/usr/local/texlive/2021/texmf-dist/tex/generic/pgf/basiclayer/pgfcorepathproce
ssing.code.tex
File: pgfcorepathprocessing.code.tex 2021/05/15 v3.1.9a (3.1.9a)
)
(/usr/local/texlive/2021/texmf-dist/tex/generic/pgf/basiclayer/pgfcorearrows.co
de.tex
File: pgfcorearrows.code.tex 2021/05/15 v3.1.9a (3.1.9a)
\pgfarrowsep=\dimen263
)
(/usr/local/texlive/2021/texmf-dist/tex/generic/pgf/basiclayer/pgfcoreshade.cod
e.tex
File: pgfcoreshade.code.tex 2021/05/15 v3.1.9a (3.1.9a)
\pgf@max=\dimen264
\pgf@sys@shading@range@num=\count294
\pgf@shadingcount=\count295
)
(/usr/local/texlive/2021/texmf-dist/tex/generic/pgf/basiclayer/pgfcoreimage.cod
e.tex
File: pgfcoreimage.code.tex 2021/05/15 v3.1.9a (3.1.9a)

(/usr/local/texlive/2021/texmf-dist/tex/generic/pgf/basiclayer/pgfcoreexternal.
code.tex
File: pgfcoreexternal.code.tex 2021/05/15 v3.1.9a (3.1.9a)
\pgfexternal@startupbox=\box64
))
(/usr/local/texlive/2021/texmf-dist/tex/generic/pgf/basiclayer/pgfcorelayers.co
de.tex
File: pgfcorelayers.code.tex 2021/05/15 v3.1.9a (3.1.9a)
)
(/usr/local/texlive/2021/texmf-dist/tex/generic/pgf/basiclayer/pgfcoretranspare
ncy.code.tex
File: pgfcoretransparency.code.tex 2021/05/15 v3.1.9a (3.1.9a)
)
(/usr/local/texlive/2021/texmf-dist/tex/generic/pgf/basiclayer/pgfcorepatterns.
code.tex
File: pgfcorepatterns.code.tex 2021/05/15 v3.1.9a (3.1.9a)
)
(/usr/local/texlive/2021/texmf-dist/tex/generic/pgf/basiclayer/pgfcorerdf.code.
tex
File: pgfcorerdf.code.tex 2021/05/15 v3.1.9a (3.1.9a)
))) (/usr/local/texlive/2021/texmf-dist/tex/latex/pgf/utilities/xxcolor.sty
Package: xxcolor 2003/10/24 ver 0.1
\XC@nummixins=\count296
\XC@countmixins=\count297
) (/usr/local/texlive/2021/texmf-dist/tex/latex/base/atbegshi-ltx.sty
Package: atbegshi-ltx 2021/01/10 v1.0c Emulation of the original atbegshi
package with kernel methods
)
(/usr/local/texlive/2021/texmf-dist/tex/latex/hyperref/hyperref.sty
Package: hyperref 2021-06-07 v7.00m Hypertext links for LaTeX

(/usr/local/texlive/2021/texmf-dist/tex/generic/ltxcmds/ltxcmds.sty
Package: ltxcmds 2020-05-10 v1.25 LaTeX kernel commands for general use (HO)
)
(/usr/local/texlive/2021/texmf-dist/tex/generic/pdftexcmds/pdftexcmds.sty
Package: pdftexcmds 2020-06-27 v0.33 Utility functions of pdfTeX for LuaTeX (HO
)

(/usr/local/texlive/2021/texmf-dist/tex/generic/infwarerr/infwarerr.sty
Package: infwarerr 2019/12/03 v1.5 Providing info/warning/error messages (HO)
)
Package pdftexcmds Info: \pdf@primitive is available.
Package pdftexcmds Info: \pdf@ifprimitive is available.
Package pdftexcmds Info: \pdfdraftmode found.
)
(/usr/local/texlive/2021/texmf-dist/tex/generic/kvsetkeys/kvsetkeys.sty
Package: kvsetkeys 2019/12/15 v1.18 Key value parser (HO)
)
(/usr/local/texlive/2021/texmf-dist/tex/generic/kvdefinekeys/kvdefinekeys.sty
Package: kvdefinekeys 2019-12-19 v1.6 Define keys (HO)
)
(/usr/local/texlive/2021/texmf-dist/tex/generic/pdfescape/pdfescape.sty
Package: pdfescape 2019/12/09 v1.15 Implements pdfTeX's escape features (HO)
)
(/usr/local/texlive/2021/texmf-dist/tex/latex/hycolor/hycolor.sty
Package: hycolor 2020-01-27 v1.10 Color options for hyperref/bookmark (HO)
)
(/usr/local/texlive/2021/texmf-dist/tex/latex/letltxmacro/letltxmacro.sty
Package: letltxmacro 2019/12/03 v1.6 Let assignment for LaTeX macros (HO)
)
(/usr/local/texlive/2021/texmf-dist/tex/latex/auxhook/auxhook.sty
Package: auxhook 2019-12-17 v1.6 Hooks for auxiliary files (HO)
)
(/usr/local/texlive/2021/texmf-dist/tex/latex/kvoptions/kvoptions.sty
Package: kvoptions 2020-10-07 v3.14 Key value format for package options (HO)
)
\@linkdim=\dimen265
\Hy@linkcounter=\count298
\Hy@pagecounter=\count299

(/usr/local/texlive/2021/texmf-dist/tex/latex/hyperref/pd1enc.def
File: pd1enc.def 2021-06-07 v7.00m Hyperref: PDFDocEncoding definition (HO)
Now handling font encoding PD1 ...
... no UTF-8 mapping file for font encoding PD1
)
(/usr/local/texlive/2021/texmf-dist/tex/latex/hyperref/hyperref-langpatches.def
File: hyperref-langpatches.def 2021-06-07 v7.00m Hyperref: patches for babel la
nguages
) (/usr/local/texlive/2021/texmf-dist/tex/generic/intcalc/intcalc.sty
Package: intcalc 2019/12/15 v1.3 Expandable calculations with integers (HO)
)
(/usr/local/texlive/2021/texmf-dist/tex/generic/etexcmds/etexcmds.sty
Package: etexcmds 2019/12/15 v1.7 Avoid name clashes with e-TeX commands (HO)
)
\Hy@SavedSpaceFactor=\count300

(/usr/local/texlive/2021/texmf-dist/tex/latex/hyperref/puenc.def
File: puenc.def 2021-06-07 v7.00m Hyperref: PDF Unicode definition (HO)
Now handling font encoding PU ...
... no UTF-8 mapping file for font encoding PU
)
Package hyperref Info: Option `bookmarks' set `true' on input line 4073.
Package hyperref Info: Option `bookmarksopen' set `true' on input line 4073.
Package hyperref Info: Option `implicit' set `false' on input line 4073.
Package hyperref Info: Hyper figures OFF on input line 4192.
Package hyperref Info: Link nesting OFF on input line 4197.
Package hyperref Info: Hyper index ON on input line 4200.
Package hyperref Info: Plain pages OFF on input line 4207.
Package hyperref Info: Backreferencing OFF on input line 4212.
Package hyperref Info: Implicit mode OFF; no redefinition of LaTeX internals.
Package hyperref Info: Bookmarks ON on input line 4445.
\c@Hy@tempcnt=\count301

(/usr/local/texlive/2021/texmf-dist/tex/latex/url/url.sty
\Urlmuskip=\muskip16
Package: url 2013/09/16  ver 3.4  Verb mode for urls, etc.
)
LaTeX Info: Redefining \url on input line 4804.
\XeTeXLinkMargin=\dimen266

(/usr/local/texlive/2021/texmf-dist/tex/generic/bitset/bitset.sty
Package: bitset 2019/12/09 v1.3 Handle bit-vector datatype (HO)

(/usr/local/texlive/2021/texmf-dist/tex/generic/bigintcalc/bigintcalc.sty
Package: bigintcalc 2019/12/15 v1.5 Expandable calculations on big integers (HO
)
))
\Fld@menulength=\count302
\Field@Width=\dimen267
\Fld@charsize=\dimen268
Package hyperref Info: Hyper figures OFF on input line 6076.
Package hyperref Info: Link nesting OFF on input line 6081.
Package hyperref Info: Hyper index ON on input line 6084.
Package hyperref Info: backreferencing OFF on input line 6091.
Package hyperref Info: Link coloring OFF on input line 6096.
Package hyperref Info: Link coloring with OCG OFF on input line 6101.
Package hyperref Info: PDF/A mode OFF on input line 6106.
LaTeX Info: Redefining \ref on input line 6146.
LaTeX Info: Redefining \pageref on input line 6150.
\Hy@abspage=\count303


Package hyperref Message: Stopped early.

)
Package hyperref Info: Driver (autodetected): hpdftex.
 (/usr/local/texlive/2021/texmf-dist/tex/latex/hyperref/hpdftex.def
File: hpdftex.def 2021-06-07 v7.00m Hyperref driver for pdfTeX

(/usr/local/texlive/2021/texmf-dist/tex/latex/base/atveryend-ltx.sty
Package: atveryend-ltx 2020/08/19 v1.0a Emulation of the original atveryend pac
kage
with kernel methods
)
\Fld@listcount=\count304
\c@bookmark@seq@number=\count305

(/usr/local/texlive/2021/texmf-dist/tex/latex/rerunfilecheck/rerunfilecheck.sty
Package: rerunfilecheck 2019/12/05 v1.9 Rerun checks for auxiliary files (HO)

(/usr/local/texlive/2021/texmf-dist/tex/generic/uniquecounter/uniquecounter.sty
Package: uniquecounter 2019/12/15 v1.4 Provide unlimited unique counter (HO)
)
Package uniquecounter Info: New unique counter `rerunfilecheck' on input line 2
86.
)) (/usr/local/texlive/2021/texmf-dist/tex/latex/beamer/beamerbaserequires.sty
(/usr/local/texlive/2021/texmf-dist/tex/latex/beamer/beamerbasecompatibility.st
y) (/usr/local/texlive/2021/texmf-dist/tex/latex/beamer/beamerbasefont.sty
(/usr/local/texlive/2021/texmf-dist/tex/latex/amsfonts/amssymb.sty
Package: amssymb 2013/01/14 v3.01 AMS font symbols

(/usr/local/texlive/2021/texmf-dist/tex/latex/amsfonts/amsfonts.sty
Package: amsfonts 2013/01/14 v3.01 Basic AMSFonts support
\@emptytoks=\toks28
\symAMSa=\mathgroup4
\symAMSb=\mathgroup5
LaTeX Font Info:    Redeclaring math symbol \hbar on input line 98.
LaTeX Font Info:    Overwriting math alphabet `\mathfrak' in version `bold'
(Font)                  U/euf/m/n --> U/euf/b/n on input line 106.
))
(/usr/local/texlive/2021/texmf-dist/tex/latex/sansmathaccent/sansmathaccent.sty
Package: sansmathaccent 2020/01/31
(/usr/local/texlive/2021/texmf-dist/tex/latex/koma-script/scrlfile.sty
Package: scrlfile 2021/11/13 v3.35 KOMA-Script package (file load hooks)

(/usr/local/texlive/2021/texmf-dist/tex/latex/koma-script/scrlfile-hook.sty
Package: scrlfile-hook 2021/11/13 v3.35 KOMA-Script package (using LaTeX hooks)


(/usr/local/texlive/2021/texmf-dist/tex/latex/koma-script/scrlogo.sty
Package: scrlogo 2021/11/13 v3.35 KOMA-Script package (logo)
)))))
(/usr/local/texlive/2021/texmf-dist/tex/latex/beamer/beamerbasetranslator.sty
(/usr/local/texlive/2021/texmf-dist/tex/latex/translator/translator.sty
Package: translator 2021-05-31 v1.12d Easy translation of strings in LaTeX
))
(/usr/local/texlive/2021/texmf-dist/tex/latex/beamer/beamerbasemisc.sty)
(/usr/local/texlive/2021/texmf-dist/tex/latex/beamer/beamerbasetwoscreens.sty)
(/usr/local/texlive/2021/texmf-dist/tex/latex/beamer/beamerbaseoverlay.sty
\beamer@argscount=\count306
\beamer@lastskipcover=\skip50
\beamer@trivlistdepth=\count307
)
(/usr/local/texlive/2021/texmf-dist/tex/latex/beamer/beamerbasetitle.sty)
(/usr/local/texlive/2021/texmf-dist/tex/latex/beamer/beamerbasesection.sty
\c@lecture=\count308
\c@part=\count309
\c@section=\count310
\c@subsection=\count311
\c@subsubsection=\count312
)
(/usr/local/texlive/2021/texmf-dist/tex/latex/beamer/beamerbaseframe.sty
\beamer@framebox=\box65
\beamer@frametitlebox=\box66
\beamer@zoombox=\box67
\beamer@zoomcount=\count313
\beamer@zoomframecount=\count314
\beamer@frametextheight=\dimen269
\c@subsectionslide=\count315
\beamer@frametopskip=\skip51
\beamer@framebottomskip=\skip52
\beamer@frametopskipautobreak=\skip53
\beamer@framebottomskipautobreak=\skip54
\beamer@envbody=\toks29
\framewidth=\dimen270
\c@framenumber=\count316
)
(/usr/local/texlive/2021/texmf-dist/tex/latex/beamer/beamerbaseverbatim.sty
\beamer@verbatimfileout=\write4
)
(/usr/local/texlive/2021/texmf-dist/tex/latex/beamer/beamerbaseframesize.sty
\beamer@splitbox=\box68
\beamer@autobreakcount=\count317
\beamer@autobreaklastheight=\dimen271
\beamer@frametitletoks=\toks30
\beamer@framesubtitletoks=\toks31
)
(/usr/local/texlive/2021/texmf-dist/tex/latex/beamer/beamerbaseframecomponents.
sty
\beamer@footins=\box69
) (/usr/local/texlive/2021/texmf-dist/tex/latex/beamer/beamerbasecolor.sty)
(/usr/local/texlive/2021/texmf-dist/tex/latex/beamer/beamerbasenotes.sty
\beamer@frameboxcopy=\box70
)
(/usr/local/texlive/2021/texmf-dist/tex/latex/beamer/beamerbasetoc.sty)
(/usr/local/texlive/2021/texmf-dist/tex/latex/beamer/beamerbasetemplates.sty
\beamer@sbttoks=\toks32

(/usr/local/texlive/2021/texmf-dist/tex/latex/beamer/beamerbaseauxtemplates.sty
(/usr/local/texlive/2021/texmf-dist/tex/latex/beamer/beamerbaseboxes.sty
\bmb@box=\box71
\bmb@colorbox=\box72
\bmb@boxwidth=\dimen272
\bmb@boxheight=\dimen273
\bmb@prevheight=\dimen274
\bmb@temp=\dimen275
\bmb@dima=\dimen276
\bmb@dimb=\dimen277
\bmb@prevheight=\dimen278
)
\beamer@blockheadheight=\dimen279
))
(/usr/local/texlive/2021/texmf-dist/tex/latex/beamer/beamerbaselocalstructure.s
ty (/usr/local/texlive/2021/texmf-dist/tex/latex/tools/enumerate.sty
Package: enumerate 2015/07/23 v3.00 enumerate extensions (DPC)
\@enLab=\toks33
)
\beamer@bibiconwidth=\skip55
\c@figure=\count318
\c@table=\count319
\abovecaptionskip=\skip56
\belowcaptionskip=\skip57
)
(/usr/local/texlive/2021/texmf-dist/tex/latex/beamer/beamerbasenavigation.sty
\beamer@section@min@dim=\dimen280
)
(/usr/local/texlive/2021/texmf-dist/tex/latex/beamer/beamerbasetheorems.sty
(/usr/local/texlive/2021/texmf-dist/tex/latex/amsmath/amsmath.sty
Package: amsmath 2021/10/15 v2.17l AMS math features
\@mathmargin=\skip58

For additional information on amsmath, use the `?' option.
(/usr/local/texlive/2021/texmf-dist/tex/latex/amsmath/amstext.sty
Package: amstext 2021/08/26 v2.01 AMS text

(/usr/local/texlive/2021/texmf-dist/tex/latex/amsmath/amsgen.sty
File: amsgen.sty 1999/11/30 v2.0 generic functions
\@emptytoks=\toks34
\ex@=\dimen281
))
(/usr/local/texlive/2021/texmf-dist/tex/latex/amsmath/amsbsy.sty
Package: amsbsy 1999/11/29 v1.2d Bold Symbols
\pmbraise@=\dimen282
)
(/usr/local/texlive/2021/texmf-dist/tex/latex/amsmath/amsopn.sty
Package: amsopn 2021/08/26 v2.02 operator names
)
\inf@bad=\count320
LaTeX Info: Redefining \frac on input line 234.
\uproot@=\count321
\leftroot@=\count322
LaTeX Info: Redefining \overline on input line 399.
\classnum@=\count323
\DOTSCASE@=\count324
LaTeX Info: Redefining \ldots on input line 496.
LaTeX Info: Redefining \dots on input line 499.
LaTeX Info: Redefining \cdots on input line 620.
\Mathstrutbox@=\box73
\strutbox@=\box74
\big@size=\dimen283
LaTeX Font Info:    Redeclaring font encoding OML on input line 743.
LaTeX Font Info:    Redeclaring font encoding OMS on input line 744.
\macc@depth=\count325
\c@MaxMatrixCols=\count326
\dotsspace@=\muskip17
\c@parentequation=\count327
\dspbrk@lvl=\count328
\tag@help=\toks35
\row@=\count329
\column@=\count330
\maxfields@=\count331
\andhelp@=\toks36
\eqnshift@=\dimen284
\alignsep@=\dimen285
\tagshift@=\dimen286
\tagwidth@=\dimen287
\totwidth@=\dimen288
\lineht@=\dimen289
\@envbody=\toks37
\multlinegap=\skip59
\multlinetaggap=\skip60
\mathdisplay@stack=\toks38
LaTeX Info: Redefining \[ on input line 2938.
LaTeX Info: Redefining \] on input line 2939.
)
(/usr/local/texlive/2021/texmf-dist/tex/latex/amscls/amsthm.sty
Package: amsthm 2020/05/29 v2.20.6
\thm@style=\toks39
\thm@bodyfont=\toks40
\thm@headfont=\toks41
\thm@notefont=\toks42
\thm@headpunct=\toks43
\thm@preskip=\skip61
\thm@postskip=\skip62
\thm@headsep=\skip63
\dth@everypar=\toks44
)
\c@theorem=\count332
)
(/usr/local/texlive/2021/texmf-dist/tex/latex/beamer/beamerbasethemes.sty))
(/usr/local/texlive/2021/texmf-dist/tex/latex/beamer/beamerthemedefault.sty
(/usr/local/texlive/2021/texmf-dist/tex/latex/beamer/beamerfontthemedefault.sty
)
(/usr/local/texlive/2021/texmf-dist/tex/latex/beamer/beamercolorthemedefault.st
y)
(/usr/local/texlive/2021/texmf-dist/tex/latex/beamer/beamerinnerthemedefault.st
y
\beamer@dima=\dimen290
\beamer@dimb=\dimen291
)
(/usr/local/texlive/2021/texmf-dist/tex/latex/beamer/beamerouterthemedefault.st
y))) (/usr/local/texlive/2021/texmf-dist/tex/latex/beamer/beamerthemeWarsaw.sty

(/usr/local/texlive/2021/texmf-dist/tex/latex/beamer/beamerinnerthemerounded.st
y)
(/usr/local/texlive/2021/texmf-dist/tex/latex/beamer/beamerouterthemeshadow.sty
(/usr/local/texlive/2021/texmf-dist/tex/latex/beamer/beamerouterthemesplit.sty)
)
(/usr/local/texlive/2021/texmf-dist/tex/latex/beamer/beamercolorthemeorchid.sty
)
(/usr/local/texlive/2021/texmf-dist/tex/latex/beamer/beamercolorthemewhale.sty)
) (/usr/local/texlive/2021/texmf-dist/tex/latex/algorithm2e/algorithm2e.sty
Package: algorithm2e 2017/07/18 v5.2 algorithms environments
\c@AlgoLine=\count333

(/usr/local/texlive/2021/texmf-dist/tex/latex/base/ifthen.sty
Package: ifthen 2020/11/24 v1.1c Standard LaTeX ifthen package (DPC)
)
\algocf@hangindent=\skip64

(/usr/local/texlive/2021/texmf-dist/tex/latex/ifoddpage/ifoddpage.sty
Package: ifoddpage 2016/04/23 v1.1 Conditionals for odd/even page detection
\c@checkoddpage=\count334
)
(/usr/local/texlive/2021/texmf-dist/tex/latex/tools/xspace.sty
Package: xspace 2014/10/28 v1.13 Space after command names (DPC,MH)
)
(/usr/local/texlive/2021/texmf-dist/tex/latex/relsize/relsize.sty
Package: relsize 2013/03/29 ver 4.1
)
\skiptotal=\skip65
\skiplinenumber=\skip66
\skiprule=\skip67
\skiphlne=\skip68
\skiptext=\skip69
\skiplength=\skip70
\algomargin=\skip71
\skipalgocfslide=\skip72
\algowidth=\dimen292
\inoutsize=\dimen293
\inoutindent=\dimen294
\interspacetitleruled=\dimen295
\interspacealgoruled=\dimen296
\interspacetitleboxruled=\dimen297
\algocf@ruledwidth=\skip73
\algocf@inoutbox=\box75
\algocf@inputbox=\box76
\AlCapSkip=\skip74
\AlCapHSkip=\skip75
\algoskipindent=\skip76
\algocf@nlbox=\box77
\algocf@hangingbox=\box78
\algocf@untilbox=\box79
\algocf@skipuntil=\skip77
\algocf@capbox=\box80
\algocf@lcaptionbox=\skip78
\algoheightruledefault=\skip79
\algoheightrule=\skip80
\algotitleheightruledefault=\skip81
\algotitleheightrule=\skip82
\c@algocfline=\count335
\c@algocfproc=\count336
\c@algocf=\count337
\algocf@algoframe=\box81
\algocf@algobox=\box82
)
\sympureletters=\mathgroup6
LaTeX Font Info:    Overwriting symbol font `pureletters' in version `bold'
(Font)                  OT1/mathkerncmss/m/sl --> OT1/mathkerncmss/bx/sl on inp
ut line 21.

(/usr/local/texlive/2021/texmf-dist/tex/latex/tools/bm.sty
Package: bm 2021/04/25 v1.2e Bold Symbol Support (DPC/FMi)
\symboldoperators=\mathgroup7
\symboldletters=\mathgroup8
\symboldsymbols=\mathgroup9
Package bm Info: No bold for \OMX/cmex/m/n, using \pmb.
Package bm Info: No bold for \U/msa/m/n, using \pmb.
Package bm Info: No bold for \U/msb/m/n, using \pmb.
\symboldpureletters=\mathgroup10
LaTeX Font Info:    Redeclaring math alphabet \mathbf on input line 149.
)
(/usr/local/texlive/2021/texmf-dist/tex/latex/psnfss/pifont.sty
Package: pifont 2020/03/25 PSNFSS-v9.3 Pi font support (SPQR) 
LaTeX Font Info:    Trying to load font information for U+pzd on input line 63.


(/usr/local/texlive/2021/texmf-dist/tex/latex/psnfss/upzd.fd
File: upzd.fd 2001/06/04 font definitions for U/pzd.
)
LaTeX Font Info:    Trying to load font information for U+psy on input line 64.


(/usr/local/texlive/2021/texmf-dist/tex/latex/psnfss/upsy.fd
File: upsy.fd 2001/06/04 font definitions for U/psy.
))
(/usr/local/texlive/2021/texmf-dist/tex/latex/base/fontenc.sty
Package: fontenc 2021/04/29 v2.0v Standard LaTeX package
)
(/usr/local/texlive/2021/texmf-dist/tex/latex/base/inputenc.sty
Package: inputenc 2021/02/14 v1.3d Input encoding file
\inpenc@prehook=\toks45
\inpenc@posthook=\toks46

(/usr/local/texlive/2021/texmf-dist/tex/latex/base/latin1.def
File: latin1.def 2021/02/14 v1.3d Input encoding file
))
(/usr/local/texlive/2021/texmf-dist/tex/latex/psnfss/times.sty
Package: times 2020/03/25 PSNFSS-v9.3 (SPQR) 
)
(/usr/local/texlive/2021/texmf-dist/tex/latex/eepic/epic.sty
Enhancements to Picture Environment. Version 1.2 - Released June 1, 1986
\@@multicnt=\count338
\d@lta=\count339
\@delta=\dimen298
\@@delta=\dimen299
\@gridcnt=\count340
\@joinkind=\count341
\@dotgap=\dimen300
\@ddotgap=\dimen301
\@x@diff=\count342
\@y@diff=\count343
\x@diff=\dimen302
\y@diff=\dimen303
\@dotbox=\box83
\num@segments=\count344
\num@segmentsi=\count345
\@datafile=\read3
) (/usr/local/texlive/2021/texmf-dist/tex/latex/graphics/epsfig.sty
Package: epsfig 2017/06/25 v1.7b (e)psfig emulation (SPQR)
\epsfxsize=\dimen304
\epsfysize=\dimen305
)
(/usr/local/texlive/2021/texmf-dist/tex/latex/subfigure/subfigure.sty
Package: subfigure 2002/03/15 v2.1.5 subfigure package
\subfigtopskip=\skip83
\subfigcapskip=\skip84
\subfigcaptopadj=\dimen306
\subfigbottomskip=\skip85
\subfigcapmargin=\dimen307
\subfiglabelskip=\skip86
\c@subfigure=\count346
\c@lofdepth=\count347
\c@subtable=\count348
\c@lotdepth=\count349

****************************************
* Local config file subfigure.cfg used *
****************************************
(/usr/local/texlive/2021/texmf-dist/tex/latex/subfigure/subfigure.cfg)
\subfig@top=\skip87
\subfig@bottom=\skip88
)
(/usr/local/texlive/2021/texmf-dist/tex/latex/float/float.sty
Package: float 2001/11/08 v1.3d Float enhancements (AL)
\c@float@type=\count350
\float@exts=\toks47
\float@box=\box84
\@float@everytoks=\toks48
\@floatcapt=\box85
)
(/usr/local/texlive/2021/texmf-dist/tex/generic/babel/babel.sty
Package: babel 2022/02/13 3.71 The Babel package
\babel@savecnt=\count351
\U@D=\dimen308
\l@unhyphenated=\language87

(/usr/local/texlive/2021/texmf-dist/tex/generic/babel/txtbabel.def)
\bbl@readstream=\read4
LaTeX Info: Redefining \textlatin on input line 3967.
\bbl@dirlevel=\count352

(/usr/local/texlive/2021/texmf-dist/tex/generic/babel-english/english.ldf
Language: english 2017/06/06 v3.3r English support from the babel system
Package babel Info: Hyphen rules for 'canadian' set to \l@english
(babel)             (\language0). Reported on input line 102.
Package babel Info: Hyphen rules for 'australian' set to \l@ukenglish
(babel)             (\language21). Reported on input line 105.
Package babel Info: Hyphen rules for 'newzealand' set to \l@ukenglish
(babel)             (\language21). Reported on input line 108.
))
(/usr/local/texlive/2021/texmf-dist/tex/latex/tools/afterpage.sty
Package: afterpage 2014/10/28 v1.08 After-Page Package (DPC)
\AP@output=\toks49
\AP@partial=\box86
\AP@footins=\box87
)
(/usr/local/texlive/2021/texmf-dist/tex/latex/amsfonts/eufrak.sty

Package eufrak Warning: The eufrak package is redundant if the amsfonts package
 is used on input line 36.

) (/usr/local/texlive/2021/texmf-dist/tex/latex/amsfonts/eucal.sty
Package: eucal 2009/06/22 v3.00 Euler Script fonts
LaTeX Font Info:    Overwriting math alphabet `\EuScript' in version `bold'
(Font)                  U/eus/m/n --> U/eus/b/n on input line 33.
)
(/usr/local/texlive/2021/texmf-dist/tex/latex/graphics/rotating.sty
Package: rotating 2016/08/11 v2.16d rotated objects in LaTeX
\c@r@tfl@t=\count353
\rotFPtop=\skip89
\rotFPbot=\skip90
\rot@float@box=\box88
\rot@mess@toks=\toks50
)
(/usr/local/texlive/2021/texmf-dist/tex/latex/natbib/natbib.sty
Package: natbib 2010/09/13 8.31b (PWD, AO)
\bibhang=\skip91
\bibsep=\skip92
LaTeX Info: Redefining \cite on input line 694.
\c@NAT@ctr=\count354
)
LaTeX Info: Redefining \Invchi2 on input line 114.
LaTeX Font Info:    Trying to load font information for T1+phv on input line 15
6.

(/usr/local/texlive/2021/texmf-dist/tex/latex/psnfss/t1phv.fd
File: t1phv.fd 2020/03/25 scalable font definitions for T1/phv.
)
(/usr/local/texlive/2021/texmf-dist/tex/latex/l3backend/l3backend-pdftex.def
File: l3backend-pdftex.def 2022-02-07 L3 backend support: PDF output (pdfTeX)
\l__color_backend_stack_int=\count355
\l__pdf_internal_box=\box89
)
(./logika-ksnp-2022.aux)
\openout1 = `logika-ksnp-2022.aux'.

LaTeX Font Info:    Checking defaults for OML/cmm/m/it on input line 156.
LaTeX Font Info:    ... okay on input line 156.
LaTeX Font Info:    Checking defaults for OMS/cmsy/m/n on input line 156.
LaTeX Font Info:    ... okay on input line 156.
LaTeX Font Info:    Checking defaults for OT1/cmr/m/n on input line 156.
LaTeX Font Info:    ... okay on input line 156.
LaTeX Font Info:    Checking defaults for T1/cmr/m/n on input line 156.
LaTeX Font Info:    ... okay on input line 156.
LaTeX Font Info:    Checking defaults for TS1/cmr/m/n on input line 156.
LaTeX Font Info:    ... okay on input line 156.
LaTeX Font Info:    Checking defaults for OMX/cmex/m/n on input line 156.
LaTeX Font Info:    ... okay on input line 156.
LaTeX Font Info:    Checking defaults for U/cmr/m/n on input line 156.
LaTeX Font Info:    ... okay on input line 156.
LaTeX Font Info:    Checking defaults for PD1/pdf/m/n on input line 156.
LaTeX Font Info:    ... okay on input line 156.
LaTeX Font Info:    Checking defaults for PU/pdf/m/n on input line 156.
LaTeX Font Info:    ... okay on input line 156.

*geometry* driver: auto-detecting
*geometry* detected driver: pdftex
*geometry* verbose mode - [ preamble ] result:
* driver: pdftex
* paper: custom
* layout: <same size as paper>
* layoutoffset:(h,v)=(0.0pt,0.0pt)
* modes: includehead includefoot 
* h-part:(L,W,R)=(28.45274pt, 307.28987pt, 28.45274pt)
* v-part:(T,H,B)=(0.0pt, 273.14662pt, 0.0pt)
* \paperwidth=364.19536pt
* \paperheight=273.14662pt
* \textwidth=307.28987pt
* \textheight=244.6939pt
* \oddsidemargin=-43.81725pt
* \evensidemargin=-43.81725pt
* \topmargin=-72.26999pt
* \headheight=14.22636pt
* \headsep=0.0pt
* \topskip=11.0pt
* \footskip=14.22636pt
* \marginparwidth=4.0pt
* \marginparsep=10.0pt
* \columnsep=10.0pt
* \skip\footins=10.0pt plus 4.0pt minus 2.0pt
* \hoffset=0.0pt
* \voffset=0.0pt
* \mag=1000
* \@twocolumnfalse
* \@twosidefalse
* \@mparswitchfalse
* \@reversemarginfalse
* (1in=72.27pt=25.4mm, 1cm=28.453pt)

(/usr/local/texlive/2021/texmf-dist/tex/context/base/mkii/supp-pdf.mkii
[Loading MPS to PDF converter (version 2006.09.02).]
\scratchcounter=\count356
\scratchdimen=\dimen309
\scratchbox=\box90
\nofMPsegments=\count357
\nofMParguments=\count358
\everyMPshowfont=\toks51
\MPscratchCnt=\count359
\MPscratchDim=\dimen310
\MPnumerator=\count360
\makeMPintoPDFobject=\count361
\everyMPtoPDFconversion=\toks52
) (/usr/local/texlive/2021/texmf-dist/tex/latex/epstopdf-pkg/epstopdf-base.sty
Package: epstopdf-base 2020-01-24 v2.11 Base part for package epstopdf
Package epstopdf-base Info: Redefining graphics rule for `.eps' on input line 4
85.

(/usr/local/texlive/2021/texmf-dist/tex/latex/latexconfig/epstopdf-sys.cfg
File: epstopdf-sys.cfg 2010/07/13 v1.3 Configuration of (r)epstopdf for TeX Liv
e
))
Package hyperref Info: Link coloring OFF on input line 156.

(/usr/local/texlive/2021/texmf-dist/tex/latex/hyperref/nameref.sty
Package: nameref 2021-04-02 v2.47 Cross-referencing by name of section

(/usr/local/texlive/2021/texmf-dist/tex/latex/refcount/refcount.sty
Package: refcount 2019/12/15 v3.6 Data extraction from label references (HO)
)
(/usr/local/texlive/2021/texmf-dist/tex/generic/gettitlestring/gettitlestring.s
ty
Package: gettitlestring 2019/12/15 v1.6 Cleanup title references (HO)
)
\c@section@level=\count362
)
LaTeX Info: Redefining \ref on input line 156.
LaTeX Info: Redefining \pageref on input line 156.
LaTeX Info: Redefining \nameref on input line 156.
 (./logika-ksnp-2022.out) (./logika-ksnp-2022.out)
\@outlinefile=\write5
\openout5 = `logika-ksnp-2022.out'.

LaTeX Font Info:    Overwriting symbol font `operators' in version `normal'
(Font)                  OT1/cmr/m/n --> OT1/cmss/m/n on input line 156.
LaTeX Font Info:    Overwriting symbol font `operators' in version `bold'
(Font)                  OT1/cmr/bx/n --> OT1/cmss/b/n on input line 156.
\symnumbers=\mathgroup11
LaTeX Font Info:    Redeclaring symbol font `pureletters' on input line 156.
LaTeX Font Info:    Encoding `OT1' has changed to `T1' for symbol font
(Font)              `pureletters' in the math version `normal' on input line 15
6.
LaTeX Font Info:    Overwriting symbol font `pureletters' in version `normal'
(Font)                  OT1/mathkerncmss/m/sl --> T1/phv/m/it on input line 156
.
LaTeX Font Info:    Encoding `OT1' has changed to `T1' for symbol font
(Font)              `pureletters' in the math version `bold' on input line 156.

LaTeX Font Info:    Overwriting symbol font `pureletters' in version `bold'
(Font)                  OT1/mathkerncmss/bx/sl --> T1/phv/m/it on input line 15
6.
LaTeX Font Info:    Overwriting math alphabet `\mathrm' in version `normal'
(Font)                  OT1/cmss/m/n --> T1/ptm/m/n on input line 156.
LaTeX Font Info:    Redeclaring math alphabet \mathbf on input line 156.
LaTeX Font Info:    Redeclaring math alphabet \mathsf on input line 156.
LaTeX Font Info:    Overwriting math alphabet `\mathsf' in version `normal'
(Font)                  OT1/cmss/m/n --> T1/phv/m/n on input line 156.
LaTeX Font Info:    Overwriting math alphabet `\mathsf' in version `bold'
(Font)                  OT1/cmss/bx/n --> T1/phv/m/n on input line 156.
LaTeX Font Info:    Redeclaring math alphabet \mathit on input line 156.
LaTeX Font Info:    Overwriting math alphabet `\mathit' in version `normal'
(Font)                  OT1/cmr/m/it --> T1/phv/m/it on input line 156.
LaTeX Font Info:    Overwriting math alphabet `\mathit' in version `bold'
(Font)                  OT1/cmr/bx/it --> T1/phv/m/it on input line 156.
LaTeX Font Info:    Redeclaring math alphabet \mathtt on input line 156.
LaTeX Font Info:    Overwriting math alphabet `\mathtt' in version `normal'
(Font)                  OT1/cmtt/m/n --> T1/pcr/m/n on input line 156.
LaTeX Font Info:    Overwriting math alphabet `\mathtt' in version `bold'
(Font)                  OT1/cmtt/m/n --> T1/pcr/m/n on input line 156.
LaTeX Font Info:    Overwriting symbol font `numbers' in version `bold'
(Font)                  T1/phv/m/n --> T1/phv/b/n on input line 156.
LaTeX Font Info:    Overwriting symbol font `pureletters' in version `bold'
(Font)                  T1/phv/m/it --> T1/phv/b/it on input line 156.
LaTeX Font Info:    Overwriting math alphabet `\mathrm' in version `bold'
(Font)                  OT1/cmss/b/n --> T1/ptm/b/n on input line 156.
LaTeX Font Info:    Overwriting math alphabet `\mathbf' in version `bold'
(Font)                  T1/phv/b/n --> T1/phv/b/n on input line 156.
LaTeX Font Info:    Overwriting math alphabet `\mathsf' in version `bold'
(Font)                  T1/phv/m/n --> T1/phv/b/n on input line 156.
LaTeX Font Info:    Overwriting math alphabet `\mathit' in version `bold'
(Font)                  T1/phv/m/it --> T1/phv/b/it on input line 156.
LaTeX Font Info:    Overwriting math alphabet `\mathtt' in version `bold'
(Font)                  T1/pcr/m/n --> T1/pcr/b/n on input line 156.
LaTeX Font Info:    Redeclaring symbol font `boldpureletters' on input line 156
.
LaTeX Font Info:    Encoding `OT1' has changed to `T1' for symbol font
(Font)              `boldpureletters' in the math version `normal' on input lin
e 156.
LaTeX Font Info:    Overwriting symbol font `boldpureletters' in version `norma
l'
(Font)                  OT1/mathkerncmss/bx/sl --> T1/phv/bx/it on input line 1
56.
LaTeX Font Info:    Encoding `OT1' has changed to `T1' for symbol font
(Font)              `boldpureletters' in the math version `bold' on input line 
156.
LaTeX Font Info:    Overwriting symbol font `boldpureletters' in version `bold'

(Font)                  OT1/mathkerncmss/bx/sl --> T1/phv/bx/it on input line 1
56.

(/usr/local/texlive/2021/texmf-dist/tex/latex/translator/translator-basic-dicti
onary-English.dict
Dictionary: translator-basic-dictionary, Language: English 
)
(/usr/local/texlive/2021/texmf-dist/tex/latex/translator/translator-bibliograph
y-dictionary-English.dict
Dictionary: translator-bibliography-dictionary, Language: English 
)
(/usr/local/texlive/2021/texmf-dist/tex/latex/translator/translator-environment
-dictionary-English.dict
Dictionary: translator-environment-dictionary, Language: English 
)
(/usr/local/texlive/2021/texmf-dist/tex/latex/translator/translator-months-dict
ionary-English.dict
Dictionary: translator-months-dictionary, Language: English 
)
(/usr/local/texlive/2021/texmf-dist/tex/latex/translator/translator-numbers-dic
tionary-English.dict
Dictionary: translator-numbers-dictionary, Language: English 
)
(/usr/local/texlive/2021/texmf-dist/tex/latex/translator/translator-theorem-dic
tionary-English.dict
Dictionary: translator-theorem-dictionary, Language: English 
) (./logika-ksnp-2022.nav)
LaTeX Font Info:    Font shape `T1/phv/m/it' in size <10.95> not available
(Font)              Font shape `T1/phv/m/sl' tried instead on input line 160.
<images/faculty-it-logo.png, id=72, 439.4016pt x 82.3878pt>
File: images/faculty-it-logo.png Graphic file (type png)
<use images/faculty-it-logo.png>
Package pdftex.def Info: images/faculty-it-logo.png  used on input line 160.
(pdftex.def)             Requested size: 131.82149pt x 24.71652pt.
 [1

{/usr/local/texlive/2021/texmf-var/fonts/map/pdftex/updmap/pdftex.map} <./image
s/faculty-it-logo.png>]
(./logika-ksnp-2022.toc) [2

] (./logika-ksnp-2022.toc)
Overfull \vbox (5.60994pt too high) has occurred while \output is active []


[3

]
LaTeX Font Info:    Trying to load font information for U+msa on input line 186
.
 (/usr/local/texlive/2021/texmf-dist/tex/latex/amsfonts/umsa.fd
File: umsa.fd 2013/01/14 v3.01 AMS symbols A
)
LaTeX Font Info:    Trying to load font information for U+msb on input line 186
.

(/usr/local/texlive/2021/texmf-dist/tex/latex/amsfonts/umsb.fd
File: umsb.fd 2013/01/14 v3.01 AMS symbols B
)
LaTeX Font Info:    Font shape `T1/phv/m/it' in size <8> not available
(Font)              Font shape `T1/phv/m/sl' tried instead on input line 186.
LaTeX Font Info:    Font shape `T1/phv/m/it' in size <6> not available
(Font)              Font shape `T1/phv/m/sl' tried instead on input line 186.
LaTeX Font Info:    Font shape `T1/phv/bx/it' in size <10.95> not available
(Font)              Font shape `T1/phv/b/it' tried instead on input line 186.
LaTeX Font Info:    Font shape `T1/phv/b/it' in size <10.95> not available
(Font)              Font shape `T1/phv/b/sl' tried instead on input line 186.
LaTeX Font Info:    Font shape `T1/phv/bx/it' in size <8> not available
(Font)              Font shape `T1/phv/b/it' tried instead on input line 186.
LaTeX Font Info:    Font shape `T1/phv/b/it' in size <8> not available
(Font)              Font shape `T1/phv/b/sl' tried instead on input line 186.
LaTeX Font Info:    Font shape `T1/phv/bx/it' in size <6> not available
(Font)              Font shape `T1/phv/b/it' tried instead on input line 186.
LaTeX Font Info:    Font shape `T1/phv/b/it' in size <6> not available
(Font)              Font shape `T1/phv/b/sl' tried instead on input line 186.

Overfull \vbox (5.60994pt too high) has occurred while \output is active []


[4

]
Overfull \vbox (5.60994pt too high) has occurred while \output is active []


[5

]
Overfull \vbox (5.60994pt too high) has occurred while \output is active []


[6

]
Overfull \vbox (5.60994pt too high) has occurred while \output is active []


[7

]
Overfull \vbox (5.60994pt too high) has occurred while \output is active []


[8

]
Overfull \vbox (5.60994pt too high) has occurred while \output is active []


[9

]
Overfull \vbox (5.60994pt too high) has occurred while \output is active []


[10

]
Overfull \vbox (5.60994pt too high) has occurred while \output is active []


[11

]
Overfull \vbox (5.60994pt too high) has occurred while \output is active []


[12

]
Overfull \vbox (5.60994pt too high) has occurred while \output is active []


[13

]
Overfull \vbox (5.60994pt too high) has occurred while \output is active []


[14

]
Overfull \vbox (5.60994pt too high) has occurred while \output is active []


[15

]
Overfull \vbox (5.60994pt too high) has occurred while \output is active []


[16

]
Overfull \vbox (5.60994pt too high) has occurred while \output is active []


[17

]
Overfull \vbox (5.60994pt too high) has occurred while \output is active []


[18

]
Overfull \vbox (5.60994pt too high) has occurred while \output is active []


[19

]
Overfull \vbox (5.60994pt too high) has occurred while \output is active []


[20

]
Overfull \vbox (5.60994pt too high) has occurred while \output is active []


[21

]
Overfull \vbox (5.60994pt too high) has occurred while \output is active []


[22

]
Overfull \vbox (5.60994pt too high) has occurred while \output is active []


[23

]
Overfull \vbox (5.60994pt too high) has occurred while \output is active []


[24

]
Overfull \vbox (5.60994pt too high) has occurred while \output is active []


[25

]
Overfull \vbox (5.60994pt too high) has occurred while \output is active []


[26

]
Overfull \vbox (5.60994pt too high) has occurred while \output is active []


[27

]
Overfull \vbox (5.60994pt too high) has occurred while \output is active []


[28

]
Overfull \vbox (5.60994pt too high) has occurred while \output is active []


[29

]
Overfull \vbox (5.60994pt too high) has occurred while \output is active []


[30

]
Overfull \vbox (5.60994pt too high) has occurred while \output is active []


[31

]
Overfull \vbox (5.60994pt too high) has occurred while \output is active []


[32

]
Overfull \vbox (5.60994pt too high) has occurred while \output is active []


[33

]
LaTeX Font Info:    Trying to load font information for T1+pcr on input line 27
8.
 (/usr/local/texlive/2021/texmf-dist/tex/latex/psnfss/t1pcr.fd
File: t1pcr.fd 2001/06/04 font definitions for T1/pcr.
)
Overfull \vbox (5.60994pt too high) has occurred while \output is active []


[34

]
Overfull \vbox (5.60994pt too high) has occurred while \output is active []


[35

]
Overfull \vbox (5.60994pt too high) has occurred while \output is active []


[36

]
Overfull \vbox (5.60994pt too high) has occurred while \output is active []


[37

]
Overfull \vbox (8.4007pt too high) detected at line 319
 []


Overfull \vbox (5.60994pt too high) has occurred while \output is active []


[38

]
Overfull \vbox (8.4007pt too high) detected at line 319
 []


Overfull \vbox (5.60994pt too high) has occurred while \output is active []


[39

]
Overfull \vbox (8.4007pt too high) detected at line 319
 []


Overfull \vbox (5.60994pt too high) has occurred while \output is active []


[40

]
Overfull \vbox (8.4007pt too high) detected at line 319
 []


Overfull \vbox (5.60994pt too high) has occurred while \output is active []


[41

]
Overfull \vbox (8.4007pt too high) detected at line 358
 []


Overfull \vbox (5.60994pt too high) has occurred while \output is active []


[42

]
Overfull \vbox (8.4007pt too high) detected at line 358
 []


Overfull \vbox (5.60994pt too high) has occurred while \output is active []


[43

]
Overfull \vbox (8.4007pt too high) detected at line 358
 []


Overfull \vbox (5.60994pt too high) has occurred while \output is active []


[44

]
Overfull \vbox (8.4007pt too high) detected at line 358
 []


Overfull \vbox (5.60994pt too high) has occurred while \output is active []


[45

]
Overfull \vbox (18.1579pt too high) detected at line 399
 []


Overfull \vbox (5.60994pt too high) has occurred while \output is active []


[46

]
Overfull \vbox (18.1579pt too high) detected at line 399
 []


Overfull \vbox (5.60994pt too high) has occurred while \output is active []


[47

]
Overfull \vbox (18.1579pt too high) detected at line 399
 []


Overfull \vbox (5.60994pt too high) has occurred while \output is active []


[48

]
Overfull \vbox (18.1579pt too high) detected at line 399
 []


Overfull \vbox (5.60994pt too high) has occurred while \output is active []


[49

]
Overfull \vbox (5.60994pt too high) has occurred while \output is active []


[50

]
<images/tabel-xor.png, id=691, 1317.92375pt x 541.02126pt>
File: images/tabel-xor.png Graphic file (type png)
<use images/tabel-xor.png>
Package pdftex.def Info: images/tabel-xor.png  used on input line 407.
(pdftex.def)             Requested size: 329.48013pt x 135.25497pt.

Overfull \hbox (22.19026pt too wide) in paragraph at lines 407--407
 [] 
 []


Overfull \vbox (5.60994pt too high) has occurred while \output is active []


[51

 <./images/tabel-xor.png>] (./logika-ksnp-2022.toc)
Overfull \vbox (5.60994pt too high) has occurred while \output is active []


[52

]
Overfull \vbox (5.60994pt too high) has occurred while \output is active []


[53

]
Overfull \vbox (5.60994pt too high) has occurred while \output is active []


[54

]
Overfull \vbox (5.60994pt too high) has occurred while \output is active []


[55

]
Overfull \vbox (5.60994pt too high) has occurred while \output is active []


[56

]
Overfull \vbox (5.60994pt too high) has occurred while \output is active []


[57

]
Overfull \vbox (5.60994pt too high) has occurred while \output is active []


[58

]
Overfull \vbox (5.60994pt too high) has occurred while \output is active []


[59

]
Overfull \vbox (5.60994pt too high) has occurred while \output is active []


[60

]
Overfull \vbox (5.60994pt too high) has occurred while \output is active []


[61

]
Overfull \vbox (5.60994pt too high) has occurred while \output is active []


[62

]
Overfull \vbox (5.60994pt too high) has occurred while \output is active []


[63

]
Overfull \vbox (5.60994pt too high) has occurred while \output is active []


[64

] (./logika-ksnp-2022.toc)
Overfull \vbox (5.60994pt too high) has occurred while \output is active []


[65

]
<images/tautologi-kontradiksi.png, id=817, 855.195pt x 337.26pt>
File: images/tautologi-kontradiksi.png Graphic file (type png)
<use images/tautologi-kontradiksi.png>
Package pdftex.def Info: images/tautologi-kontradiksi.png  used on input line 4
53.
(pdftex.def)             Requested size: 213.79823pt x 84.31479pt.

Overfull \vbox (3.34184pt too high) detected at line 453
 []


Overfull \vbox (5.60994pt too high) has occurred while \output is active []


[66

 <./images/tautologi-kontradiksi.png>]
File: images/tautologi-kontradiksi.png Graphic file (type png)
<use images/tautologi-kontradiksi.png>
Package pdftex.def Info: images/tautologi-kontradiksi.png  used on input line 4
53.
(pdftex.def)             Requested size: 213.79823pt x 84.31479pt.

Overfull \vbox (3.34184pt too high) detected at line 453
 []


Overfull \vbox (5.60994pt too high) has occurred while \output is active []


[67

]
File: images/tautologi-kontradiksi.png Graphic file (type png)
<use images/tautologi-kontradiksi.png>
Package pdftex.def Info: images/tautologi-kontradiksi.png  used on input line 4
53.
(pdftex.def)             Requested size: 213.79823pt x 84.31479pt.

Overfull \vbox (3.34184pt too high) detected at line 453
 []


Overfull \vbox (5.60994pt too high) has occurred while \output is active []


[68

]
File: images/tautologi-kontradiksi.png Graphic file (type png)
<use images/tautologi-kontradiksi.png>
Package pdftex.def Info: images/tautologi-kontradiksi.png  used on input line 4
53.
(pdftex.def)             Requested size: 213.79823pt x 84.31479pt.

Overfull \vbox (3.34184pt too high) detected at line 453
 []


Overfull \vbox (5.60994pt too high) has occurred while \output is active []


[69

]
File: images/tautologi-kontradiksi.png Graphic file (type png)
<use images/tautologi-kontradiksi.png>
Package pdftex.def Info: images/tautologi-kontradiksi.png  used on input line 4
53.
(pdftex.def)             Requested size: 213.79823pt x 84.31479pt.

Overfull \vbox (3.34184pt too high) detected at line 453
 []


Overfull \vbox (5.60994pt too high) has occurred while \output is active []


[70

]
<images/tautologi-kontradiksi-2.png, id=921, 1100.11pt x 329.23pt>
File: images/tautologi-kontradiksi-2.png Graphic file (type png)
<use images/tautologi-kontradiksi-2.png>
Package pdftex.def Info: images/tautologi-kontradiksi-2.png  used on input line
 470.
(pdftex.def)             Requested size: 275.02682pt x 82.3073pt.

Overfull \vbox (5.60994pt too high) has occurred while \output is active []


[71

 <./images/tautologi-kontradiksi-2.png>]
File: images/tautologi-kontradiksi-2.png Graphic file (type png)
<use images/tautologi-kontradiksi-2.png>
Package pdftex.def Info: images/tautologi-kontradiksi-2.png  used on input line
 470.
(pdftex.def)             Requested size: 275.02682pt x 82.3073pt.

Overfull \vbox (5.60994pt too high) has occurred while \output is active []


[72

] (./logika-ksnp-2022.toc)
Overfull \vbox (5.74796pt too high) has occurred while \output is active []


[73

]
Overfull \vbox (5.74796pt too high) has occurred while \output is active []


[74

]
<images/tabel-ekivalensi.png, id=958, 1671.24374pt x 639.38875pt>
File: images/tabel-ekivalensi.png Graphic file (type png)
<use images/tabel-ekivalensi.png>
Package pdftex.def Info: images/tabel-ekivalensi.png  used on input line 479.
(pdftex.def)             Requested size: 334.24283pt x 127.87547pt.

Overfull \hbox (26.95296pt too wide) in paragraph at lines 479--479
 [] 
 []


Overfull \vbox (5.74796pt too high) has occurred while \output is active []


[75

 <./images/tabel-ekivalensi.png>]
Overfull \hbox (23.96898pt too wide) detected at line 496
[]
 []


Overfull \vbox (5.74796pt too high) has occurred while \output is active []


[76

]
Overfull \hbox (23.96898pt too wide) detected at line 496
[]
 []


Overfull \vbox (5.74796pt too high) has occurred while \output is active []


[77

]
Overfull \hbox (23.96898pt too wide) detected at line 496
[]
 []


Overfull \vbox (5.74796pt too high) has occurred while \output is active []


[78

]
Overfull \hbox (23.96898pt too wide) detected at line 496
[]
 []


Overfull \vbox (5.74796pt too high) has occurred while \output is active []


[79

]
Overfull \hbox (23.96898pt too wide) detected at line 496
[]
 []


Overfull \vbox (5.74796pt too high) has occurred while \output is active []


[80

]
Overfull \hbox (23.96898pt too wide) detected at line 496
[]
 []


Overfull \vbox (5.74796pt too high) has occurred while \output is active []


[81

]
Overfull \hbox (23.96898pt too wide) detected at line 496
[]
 []


Overfull \vbox (5.74796pt too high) has occurred while \output is active []


[82

]
Overfull \hbox (23.96898pt too wide) detected at line 496
[]
 []


Overfull \vbox (5.74796pt too high) has occurred while \output is active []


[83

]
Overfull \hbox (23.96898pt too wide) detected at line 496
[]
 []


Overfull \vbox (5.74796pt too high) has occurred while \output is active []


[84

] (./logika-ksnp-2022.toc)
Overfull \vbox (5.5379pt too high) has occurred while \output is active []


[85

]
Overfull \hbox (12.0731pt too wide) detected at line 516
[][][][][][][][][]
 []


Overfull \hbox (27.83002pt too wide) detected at line 516
[][][][][][][][][]
 []


Overfull \vbox (5.5379pt too high) has occurred while \output is active []


[86

]
Overfull \hbox (12.0731pt too wide) detected at line 516
[][][][][][][][][]
 []


Overfull \hbox (27.83002pt too wide) detected at line 516
[][][][][][][][][]
 []


Overfull \vbox (5.5379pt too high) has occurred while \output is active []


[87

]
Overfull \hbox (12.0731pt too wide) detected at line 516
[][][][][][][][][]
 []


Overfull \hbox (27.83002pt too wide) detected at line 516
[][][][][][][][][]
 []


Overfull \vbox (5.5379pt too high) has occurred while \output is active []


[88

]
Overfull \hbox (12.0731pt too wide) detected at line 516
[][][][][][][][][]
 []


Overfull \hbox (27.83002pt too wide) detected at line 516
[][][][][][][][][]
 []


Overfull \vbox (5.5379pt too high) has occurred while \output is active []


[89

]
Overfull \hbox (12.0731pt too wide) detected at line 516
[][][][][][][][][]
 []


Overfull \hbox (27.83002pt too wide) detected at line 516
[][][][][][][][][]
 []


Overfull \vbox (5.5379pt too high) has occurred while \output is active []


[90

]
Overfull \hbox (12.0731pt too wide) detected at line 516
[][][][][][][][][]
 []


Overfull \hbox (27.83002pt too wide) detected at line 516
[][][][][][][][][]
 []


Overfull \vbox (5.5379pt too high) has occurred while \output is active []


[91

]
Overfull \hbox (12.0731pt too wide) detected at line 516
[][][][][][][][][]
 []


Overfull \hbox (27.83002pt too wide) detected at line 516
[][][][][][][][][]
 []


Overfull \vbox (5.5379pt too high) has occurred while \output is active []


[92

]
Overfull \hbox (12.0731pt too wide) detected at line 516
[][][][][][][][][]
 []


Overfull \hbox (27.83002pt too wide) detected at line 516
[][][][][][][][][]
 []


Overfull \vbox (5.5379pt too high) has occurred while \output is active []


[93

]
Overfull \hbox (12.0731pt too wide) detected at line 516
[][][][][][][][][][][][][][][]
 []


Overfull \hbox (27.83002pt too wide) detected at line 516
[][][][][][][][][]
 []


Overfull \vbox (5.5379pt too high) has occurred while \output is active []


[94

]
Overfull \hbox (12.0731pt too wide) detected at line 516
[][][][][][][][][][][][][][][]
 []


Overfull \hbox (27.83002pt too wide) detected at line 516
[][][][][][][][][]
 []


Overfull \vbox (5.5379pt too high) has occurred while \output is active []


[95

]
Overfull \hbox (12.0731pt too wide) detected at line 516
[][][][][][][][][][][][][][][]
 []


Overfull \hbox (27.83002pt too wide) detected at line 516
[][][][][][][][][][][][][][][]
 []


Overfull \vbox (5.5379pt too high) has occurred while \output is active []


[96

]
LaTeX Font Info:    Font shape `T1/phv/m/it' in size <14.4> not available
(Font)              Font shape `T1/phv/m/sl' tried instead on input line 525.
LaTeX Font Info:    Font shape `T1/phv/m/it' in size <10> not available
(Font)              Font shape `T1/phv/m/sl' tried instead on input line 525.
LaTeX Font Info:    Font shape `T1/phv/m/it' in size <7> not available
(Font)              Font shape `T1/phv/m/sl' tried instead on input line 525.
LaTeX Font Info:    Font shape `T1/phv/bx/it' in size <14.4> not available
(Font)              Font shape `T1/phv/b/it' tried instead on input line 525.
LaTeX Font Info:    Font shape `T1/phv/b/it' in size <14.4> not available
(Font)              Font shape `T1/phv/b/sl' tried instead on input line 525.
LaTeX Font Info:    Font shape `T1/phv/bx/it' in size <10> not available
(Font)              Font shape `T1/phv/b/it' tried instead on input line 525.
LaTeX Font Info:    Font shape `T1/phv/b/it' in size <10> not available
(Font)              Font shape `T1/phv/b/sl' tried instead on input line 525.
LaTeX Font Info:    Font shape `T1/phv/bx/it' in size <7> not available
(Font)              Font shape `T1/phv/b/it' tried instead on input line 525.
LaTeX Font Info:    Font shape `T1/phv/b/it' in size <7> not available
(Font)              Font shape `T1/phv/b/sl' tried instead on input line 525.

Overfull \vbox (5.5379pt too high) has occurred while \output is active []


[97

]
<images/jika-maka.png, id=1113, 495.8525pt x 551.05875pt>
File: images/jika-maka.png Graphic file (type png)
<use images/jika-maka.png>
Package pdftex.def Info: images/jika-maka.png  used on input line 525.
(pdftex.def)             Requested size: 99.16873pt x 110.2098pt.

Overfull \vbox (5.5379pt too high) has occurred while \output is active []


[98

 <./images/jika-maka.png>]
Overfull \vbox (5.5379pt too high) has occurred while \output is active []


[99

]
Overfull \vbox (5.5379pt too high) has occurred while \output is active []


[100

]
Overfull \vbox (5.5379pt too high) has occurred while \output is active []


[101

]
Overfull \vbox (5.5379pt too high) has occurred while \output is active []


[102

]
Overfull \vbox (5.5379pt too high) has occurred while \output is active []


[103

]
Overfull \vbox (5.5379pt too high) has occurred while \output is active []


[104

]
Overfull \vbox (5.5379pt too high) has occurred while \output is active []


[105

]
Overfull \vbox (5.5379pt too high) has occurred while \output is active []


[106

]
Overfull \vbox (5.5379pt too high) has occurred while \output is active []


[107

]
Overfull \vbox (5.5379pt too high) has occurred while \output is active []


[108

]
Overfull \vbox (5.5379pt too high) has occurred while \output is active []


[109

]
Overfull \vbox (5.5379pt too high) has occurred while \output is active []


[110

]
Overfull \vbox (5.5379pt too high) has occurred while \output is active []


[111

]
Overfull \vbox (5.5379pt too high) has occurred while \output is active []


[112

]
Overfull \vbox (5.5379pt too high) has occurred while \output is active []


[113

]
Overfull \vbox (5.5379pt too high) has occurred while \output is active []


[114

]
Overfull \vbox (5.5379pt too high) has occurred while \output is active []


[115

]
Overfull \vbox (5.5379pt too high) has occurred while \output is active []


[116

]
LaTeX Font Info:    Font shape `T1/phv/b/it' in size <10.95> not available
(Font)              Font shape `T1/phv/b/sl' tried instead on input line 593.

Overfull \vbox (5.5379pt too high) has occurred while \output is active []


[117

]
Overfull \vbox (5.5379pt too high) has occurred while \output is active []


[118

]
Overfull \vbox (5.5379pt too high) has occurred while \output is active []


[119

]
Overfull \vbox (5.5379pt too high) has occurred while \output is active []


[120

]
Overfull \vbox (5.5379pt too high) has occurred while \output is active []


[121

]
Overfull \vbox (5.5379pt too high) has occurred while \output is active []


[122

]
Overfull \vbox (5.5379pt too high) has occurred while \output is active []


[123

]
<images/tabel-biimplikasi.png, id=1359, 560.0925pt x 543.02875pt>
File: images/tabel-biimplikasi.png Graphic file (type png)
<use images/tabel-biimplikasi.png>
Package pdftex.def Info: images/tabel-biimplikasi.png  used on input line 604.
(pdftex.def)             Requested size: 140.02278pt x 135.75685pt.

Overfull \vbox (5.5379pt too high) has occurred while \output is active []


[124

 <./images/tabel-biimplikasi.png>] (./logika-ksnp-2022.toc)
Overfull \vbox (5.60994pt too high) has occurred while \output is active []


[125

]
Overfull \vbox (5.60994pt too high) has occurred while \output is active []


[126

]
Overfull \vbox (5.60994pt too high) has occurred while \output is active []


[127

]
Overfull \vbox (5.60994pt too high) has occurred while \output is active []


[128

]
Overfull \vbox (5.60994pt too high) has occurred while \output is active []


[129

]
Overfull \vbox (5.60994pt too high) has occurred while \output is active []


[130

]
Overfull \vbox (5.60994pt too high) has occurred while \output is active []


[131

]
Overfull \vbox (5.60994pt too high) has occurred while \output is active []


[132

]
Overfull \vbox (5.60994pt too high) has occurred while \output is active []


[133

]
Overfull \vbox (5.60994pt too high) has occurred while \output is active []


[134

]
Overfull \vbox (5.60994pt too high) has occurred while \output is active []


[135

]
Overfull \vbox (5.60994pt too high) has occurred while \output is active []


[136

]
Overfull \vbox (5.60994pt too high) has occurred while \output is active []


[137

]
Overfull \vbox (5.60994pt too high) has occurred while \output is active []


[138

]
Overfull \vbox (5.60994pt too high) has occurred while \output is active []


[139

]
Overfull \vbox (5.60994pt too high) has occurred while \output is active []


[140

]
Overfull \vbox (5.60994pt too high) has occurred while \output is active []


[141

]
Overfull \vbox (5.60994pt too high) has occurred while \output is active []


[142

]
<images/contoh-tidak-valid.png, id=1491, 1746.525pt x 756.8275pt>
File: images/contoh-tidak-valid.png Graphic file (type png)
<use images/contoh-tidak-valid.png>
Package pdftex.def Info: images/contoh-tidak-valid.png  used on input line 667.

(pdftex.def)             Requested size: 305.64645pt x 132.4468pt.

Overfull \vbox (5.45213pt too high) detected at line 667
 []


Overfull \vbox (5.60994pt too high) has occurred while \output is active []


[143

 <./images/contoh-tidak-valid.png>] (./logika-ksnp-2022.toc)
Overfull \vbox (4.34392pt too high) has occurred while \output is active []


[144

]
Overfull \vbox (13.6491pt too high) detected at line 691
 []


Overfull \vbox (4.34392pt too high) has occurred while \output is active []


[145

]
Overfull \vbox (13.6491pt too high) detected at line 691
 []


Overfull \vbox (4.34392pt too high) has occurred while \output is active []


[146

]
Overfull \vbox (13.6491pt too high) detected at line 691
 []


Overfull \vbox (4.34392pt too high) has occurred while \output is active []


[147

]
Overfull \vbox (13.6491pt too high) detected at line 691
 []


Overfull \vbox (4.34392pt too high) has occurred while \output is active []


[148

]
Overfull \vbox (13.6491pt too high) detected at line 691
 []


Overfull \vbox (4.34392pt too high) has occurred while \output is active []


[149

]
Overfull \vbox (13.6491pt too high) detected at line 691
 []


Overfull \vbox (4.34392pt too high) has occurred while \output is active []


[150

]
Overfull \vbox (13.6491pt too high) detected at line 691
 []


Overfull \vbox (4.34392pt too high) has occurred while \output is active []


[151

]
Overfull \vbox (13.6491pt too high) detected at line 691
 []


Overfull \vbox (4.34392pt too high) has occurred while \output is active []


[152

]
Overfull \vbox (13.6491pt too high) detected at line 691
 []


Overfull \vbox (4.34392pt too high) has occurred while \output is active []


[153

]
Overfull \vbox (13.6491pt too high) detected at line 691
 []


Overfull \vbox (4.34392pt too high) has occurred while \output is active []


[154

]
Overfull \vbox (13.6491pt too high) detected at line 691
 []


Overfull \vbox (4.34392pt too high) has occurred while \output is active []


[155

]
Overfull \vbox (4.34392pt too high) has occurred while \output is active []


[156

]
Overfull \vbox (4.34392pt too high) has occurred while \output is active []


[157

]
Overfull \vbox (4.34392pt too high) has occurred while \output is active []


[158

]
Overfull \vbox (4.34392pt too high) has occurred while \output is active []


[159

]
Overfull \vbox (4.34392pt too high) has occurred while \output is active []


[160

]
Overfull \vbox (4.34392pt too high) has occurred while \output is active []


[161

]
Overfull \vbox (4.34392pt too high) has occurred while \output is active []


[162

] (./logika-ksnp-2022.toc)
Overfull \vbox (4.53595pt too high) has occurred while \output is active []


[163

]
<images/soal-ksnk-2020-no-16-logika.png, id=1638, 1711.39375pt x 568.1225pt>
File: images/soal-ksnk-2020-no-16-logika.png Graphic file (type png)
<use images/soal-ksnk-2020-no-16-logika.png>
Package pdftex.def Info: images/soal-ksnk-2020-no-16-logika.png  used on input 
line 715.
(pdftex.def)             Requested size: 325.1682pt x 107.94438pt.

Overfull \hbox (17.87833pt too wide) in paragraph at lines 715--715
 [] 
 []


Overfull \vbox (4.53595pt too high) has occurred while \output is active []


[164

 <./images/soal-ksnk-2020-no-16-logika.png>]
File: images/soal-ksnk-2020-no-16-logika.png Graphic file (type png)
<use images/soal-ksnk-2020-no-16-logika.png>
Package pdftex.def Info: images/soal-ksnk-2020-no-16-logika.png  used on input 
line 722.
(pdftex.def)             Requested size: 325.1682pt x 107.94438pt.

Overfull \hbox (17.87833pt too wide) in paragraph at lines 722--722
 [] 
 []


Overfull \vbox (4.53595pt too high) has occurred while \output is active []


[165

]
Overfull \vbox (4.53595pt too high) has occurred while \output is active []


[166

]
<images/soal-ksnk-2020-no-14-logika.png, id=1657, 1760.5775pt x 448.67625pt>
File: images/soal-ksnk-2020-no-14-logika.png Graphic file (type png)
<use images/soal-ksnk-2020-no-14-logika.png>
Package pdftex.def Info: images/soal-ksnk-2020-no-14-logika.png  used on input 
line 735.
(pdftex.def)             Requested size: 334.5132pt x 85.24937pt.

Overfull \hbox (27.22333pt too wide) in paragraph at lines 735--735
 [] 
 []


Overfull \vbox (4.53595pt too high) has occurred while \output is active []


[167

 <./images/soal-ksnk-2020-no-14-logika.png>]
Overfull \vbox (4.53595pt too high) has occurred while \output is active []


[168

]
Overfull \vbox (4.53595pt too high) has occurred while \output is active []


[169

]
Overfull \vbox (4.53595pt too high) has occurred while \output is active []


[170

]
Overfull \vbox (4.53595pt too high) has occurred while \output is active []


[171

] (./logika-ksnp-2022.bbl
LaTeX Font Info:    Font shape `T1/phv/m/it' in size <9> not available
(Font)              Font shape `T1/phv/m/sl' tried instead on input line 5.
)
Overfull \vbox (5.5379pt too high) has occurred while \output is active []


[172

]
\tf@nav=\write6
\openout6 = `logika-ksnp-2022.nav'.

\tf@toc=\write7
\openout7 = `logika-ksnp-2022.toc'.

\tf@snm=\write8
\openout8 = `logika-ksnp-2022.snm'.

 (./logika-ksnp-2022.aux)
Package rerunfilecheck Info: File `logika-ksnp-2022.out' has not changed.
(rerunfilecheck)             Checksum: A24A366167903E7B2B374BFB13BA8A7B;1602.
 ) 
Here is how much of TeX's memory you used:
 26025 strings out of 478278
 499763 string characters out of 5846561
 791979 words of memory out of 5000000
 43258 multiletter control sequences out of 15000+600000
 547952 words of font info for 127 fonts, out of 8000000 for 9000
 1141 hyphenation exceptions out of 8191
 128i,26n,122p,420b,714s stack positions out of 5000i,500n,10000p,200000b,80000s
{/usr/local/texlive/2021/texmf-dist/fonts/enc/dvips/base/8r.enc}</usr/local/t
exlive/2021/texmf-dist/fonts/type1/public/amsfonts/cm/cmbsy10.pfb></usr/local/t
exlive/2021/texmf-dist/fonts/type1/public/amsfonts/cm/cmex10.pfb></usr/local/te
xlive/2021/texmf-dist/fonts/type1/public/amsfonts/cm/cmmi10.pfb></usr/local/tex
live/2021/texmf-dist/fonts/type1/public/amsfonts/cm/cmss10.pfb></usr/local/texl
ive/2021/texmf-dist/fonts/type1/public/amsfonts/cm/cmss8.pfb></usr/local/texliv
e/2021/texmf-dist/fonts/type1/public/amsfonts/cm/cmsy10.pfb></usr/local/texlive
/2021/texmf-dist/fonts/type1/public/amsfonts/cm/cmsy8.pfb></usr/local/texlive/2
021/texmf-dist/fonts/type1/public/amsfonts/symbols/msam10.pfb></usr/local/texli
ve/2021/texmf-dist/fonts/type1/urw/helvetic/uhvb8a.pfb></usr/local/texlive/2021
/texmf-dist/fonts/type1/urw/helvetic/uhvbo8a.pfb></usr/local/texlive/2021/texmf
-dist/fonts/type1/urw/helvetic/uhvr8a.pfb></usr/local/texlive/2021/texmf-dist/f
onts/type1/urw/helvetic/uhvro8a.pfb>
Output written on logika-ksnp-2022.pdf (172 pages, 708353 bytes).
PDF statistics:
 1831 PDF objects out of 2073 (max. 8388607)
 1358 compressed objects within 14 object streams
 357 named destinations out of 1000 (max. 500000)
 1639 words of extra memory for PDF output out of 10000 (max. 10000000)

